2018-05-27 01:36:18,630 - INFO - app.py - get_request - 40 - Add task to queue successfully
2018-05-27 01:37:20,500 - INFO - app.py - get_request - 40 - Add task to queue successfully
2018-05-27 01:37:20,510 - INFO - app.py - get_job_status - 57 - check job 92ea6f1e-8ba3-4db8-94e6-29ab3a04bfa0
2018-05-27 01:37:22,521 - INFO - app.py - get_job_status - 57 - check job 92ea6f1e-8ba3-4db8-94e6-29ab3a04bfa0
2018-05-27 01:38:35,993 - INFO - app.py - get_request - 40 - Add task to queue successfully
2018-05-27 01:38:35,999 - INFO - app.py - get_job_status - 57 - check job ce510fd9-ef7c-4cae-b912-949e4c3fee10
2018-05-27 01:38:38,011 - INFO - app.py - get_job_status - 57 - check job ce510fd9-ef7c-4cae-b912-949e4c3fee10
2018-05-27 01:38:58,239 - INFO - app.py - get_request - 40 - Add task to queue successfully
2018-05-27 01:38:58,244 - INFO - app.py - get_job_status - 57 - check job 6f0b9627-ff28-4520-a2dc-f07ee3c945c0
2018-05-27 01:39:00,255 - INFO - app.py - get_job_status - 57 - check job 6f0b9627-ff28-4520-a2dc-f07ee3c945c0
2018-05-27 01:42:19,601 - INFO - app.py - get_request - 40 - Add task to queue successfully
2018-05-27 01:42:19,609 - INFO - app.py - get_job_status - 57 - check job 66ca6750-29e0-4a18-a47b-caec15df10ef
2018-05-27 01:42:21,621 - INFO - app.py - get_job_status - 57 - check job 66ca6750-29e0-4a18-a47b-caec15df10ef
2018-05-27 01:43:37,705 - INFO - app.py - get_request - 40 - Add task to queue successfully
2018-05-27 01:43:37,714 - INFO - app.py - get_job_status - 57 - check job f8154b07-deb7-45a1-b6a6-97b243cff962
2018-05-27 01:43:39,725 - INFO - app.py - get_job_status - 57 - check job f8154b07-deb7-45a1-b6a6-97b243cff962
2018-05-27 01:54:47,400 - INFO - app.py - get_request - 43 - Add task to queue successfully
2018-05-27 01:54:47,409 - INFO - app.py - get_job_status - 60 - check job 21dd637d-7427-47f8-b3cf-38b4fe8b5654
2018-05-27 01:54:49,420 - INFO - app.py - get_job_status - 60 - check job 21dd637d-7427-47f8-b3cf-38b4fe8b5654
2018-05-27 02:01:24,830 - INFO - app.py - get_request - 42 - Add task to queue successfully
2018-05-27 02:01:24,840 - INFO - app.py - get_job_status - 59 - check job c254b177-9d58-4a52-90e1-5f00bd6f8971
2018-05-27 02:01:26,850 - INFO - app.py - get_job_status - 59 - check job c254b177-9d58-4a52-90e1-5f00bd6f8971
2018-05-27 02:02:01,733 - INFO - app.py - get_request - 42 - Add task to queue successfully
2018-05-27 02:02:01,739 - INFO - app.py - get_job_status - 59 - check job 1641f8c3-f1bd-47f7-90eb-fdbf76d3491a
2018-05-27 02:02:03,748 - INFO - app.py - get_job_status - 59 - check job 1641f8c3-f1bd-47f7-90eb-fdbf76d3491a
2018-05-27 02:06:54,068 - INFO - app.py - get_request - 42 - Add task to queue successfully
2018-05-27 02:06:54,076 - INFO - app.py - get_job_status - 59 - check job 708c74a7-950d-4437-a94c-00e751b43af3
2018-05-27 02:06:56,084 - INFO - app.py - get_job_status - 59 - check job 708c74a7-950d-4437-a94c-00e751b43af3
2018-05-27 02:09:16,069 - INFO - app.py - get_request - 42 - Add task to queue successfully
2018-05-27 02:09:16,077 - INFO - app.py - get_job_status - 59 - check job 86b97801-bbf3-4869-81ed-d4361696c66d
2018-05-27 02:09:18,086 - INFO - app.py - get_job_status - 59 - check job 86b97801-bbf3-4869-81ed-d4361696c66d
2018-05-27 02:12:02,749 - INFO - app.py - get_request - 43 - Add task to queue successfully
2018-05-27 02:12:02,758 - INFO - app.py - get_job_status - 60 - check job 3fd568e3-d5f7-4da7-ae38-08fd09240092
2018-05-27 02:12:04,770 - INFO - app.py - get_job_status - 60 - check job 3fd568e3-d5f7-4da7-ae38-08fd09240092
2018-05-27 02:13:24,514 - INFO - app.py - get_request - 42 - Add task to queue successfully
2018-05-27 02:13:33,562 - INFO - app.py - get_request - 43 - Add task to queue successfully
2018-05-27 02:13:33,570 - INFO - app.py - get_job_status - 60 - check job ddda567a-9e41-4b4a-8282-b74fd621ceac
2018-05-27 02:13:35,579 - INFO - app.py - get_job_status - 60 - check job ddda567a-9e41-4b4a-8282-b74fd621ceac
2018-05-27 11:29:07,786 - INFO - app.py - get_request - 43 - Add task to queue successfully
2018-05-27 11:29:07,797 - INFO - app.py - get_job_status - 60 - check job 9133bb96-0db8-4f52-98c6-ae344ba27028
2018-05-27 11:29:09,809 - INFO - app.py - get_job_status - 60 - check job 9133bb96-0db8-4f52-98c6-ae344ba27028
2018-05-27 11:31:27,319 - INFO - app.py - get_request - 43 - Add task to queue successfully
2018-05-27 11:31:27,328 - INFO - app.py - get_job_status - 60 - check job cc5f277a-df69-4ef5-bdb1-e27c35302832
2018-05-27 11:31:29,334 - INFO - app.py - get_job_status - 60 - check job cc5f277a-df69-4ef5-bdb1-e27c35302832
2018-05-27 11:32:34,322 - INFO - app.py - get_request - 43 - Add task to queue successfully
2018-05-27 11:32:34,330 - INFO - app.py - get_job_status - 60 - check job e445e847-8e65-4269-9e44-4636e93c798b
2018-05-27 11:32:36,338 - INFO - app.py - get_job_status - 60 - check job e445e847-8e65-4269-9e44-4636e93c798b
2018-05-27 11:50:28,319 - INFO - app.py - get_request - 45 - Add task to queue successfully
2018-05-27 11:52:40,707 - INFO - app.py - get_request - 44 - Add task to queue successfully
2018-05-27 12:19:09,704 - INFO - app.py - get_request - 44 - Add task to queue successfully
2018-05-27 12:22:15,683 - INFO - app.py - get_request - 46 - Add task to queue successfully
2018-05-27 12:23:53,405 - INFO - app.py - get_request - 37 - Add task to queue successfully
2018-05-27 12:42:04,578 - INFO - app.py - get_request - 35 - Add task to queue successfully
2018-05-27 12:43:04,531 - INFO - app.py - get_request - 35 - Add task to queue successfully
2018-05-27 12:52:10,606 - INFO - app.py - get_request - 35 - Add task to queue successfully
2018-05-27 12:59:35,153 - INFO - app.py - get_request - 35 - Add task to queue successfully
2018-05-27 13:06:39,146 - INFO - app.py - get_request - 35 - Add task to queue successfully
2018-05-27 13:06:50,797 - ERROR - app.py - get_job_status - 66 - Connection to Redis failed.
2018-05-27 13:08:01,316 - ERROR - app.py - get_job_status - 67 - Connection to Redis failed.
2018-05-27 13:08:36,745 - INFO - app.py - get_request - 35 - Add task to queue successfully
2018-05-27 13:08:52,755 - INFO - app.py - get_request - 35 - Add task to queue successfully
2018-05-27 13:11:10,671 - ERROR - app.py - get_job_status - 67 - Connection to Redis failed.
2018-05-27 13:11:53,479 - ERROR - app.py - get_job_status - 67 - Connection to Redis failed.
2018-05-27 13:12:23,480 - ERROR - app.py - get_job_status - 67 - Connection to Redis failed.
2018-05-27 13:12:58,937 - ERROR - app.py - get_job_status - 67 - Connection to Redis failed.
2018-05-27 13:13:29,806 - ERROR - app.py - get_job_status - 67 - Connection to Redis failed.
2018-05-27 13:14:23,084 - ERROR - app.py - get_job_status - 67 - Connection to Redis failed.
2018-05-27 13:20:24,819 - ERROR - app.py - get_job_status - 65 - Connection to Redis failed.
2018-05-27 13:21:01,751 - INFO - app.py - get_request - 33 - Add task to queue successfully
2018-05-27 13:26:11,907 - INFO - app.py - get_request - 33 - Add task to queue successfully
2018-05-27 13:26:11,908 - ERROR - app.py - get_request - 45 - Connection to Redis failed.
2018-05-27 13:26:34,489 - INFO - app.py - get_request - 33 - Add task to queue successfully
2018-05-27 13:26:34,489 - ERROR - app.py - get_request - 45 - Connection to Redis failed.
2018-05-27 13:27:25,083 - INFO - app.py - get_request - 33 - Add task to queue successfully
2018-05-27 13:28:27,608 - INFO - app.py - get_request - 33 - Add task to queue successfully
2018-05-27 13:29:50,646 - INFO - app.py - get_request - 33 - Add task to queue successfully
2018-05-27 13:31:40,168 - INFO - app.py - get_request - 33 - Add task to queue successfully
2018-05-27 13:32:48,003 - ERROR - app.py - get_job_status - 79 - Connection to Redis failed.
2018-05-27 13:38:14,842 - INFO - app.py - get_request - 33 - Add task to queue successfully
2018-05-27 13:38:36,506 - INFO - app.py - get_request - 33 - Add task to queue successfully
2018-05-27 13:43:33,173 - INFO - app.py - get_request - 33 - Add task to queue successfully
2018-05-27 13:43:51,787 - INFO - app.py - get_request - 33 - Add task to queue successfully
2018-05-27 13:46:13,355 - INFO - app.py - get_request - 33 - Add task to queue successfully
2018-05-27 13:50:06,495 - INFO - app.py - get_request - 33 - Add task to queue successfully
2018-05-27 13:51:16,100 - INFO - app.py - get_request - 33 - Add task to queue successfully
2018-05-27 13:51:38,226 - INFO - app.py - get_request - 33 - Add task to queue successfully
2018-05-27 13:52:57,214 - INFO - app.py - get_request - 33 - Add task to queue successfully
2018-05-27 13:53:13,029 - INFO - app.py - get_request - 33 - Add task to queue successfully
2018-05-27 13:53:57,837 - INFO - app.py - get_request - 33 - Add task to queue successfully
2018-05-27 13:54:14,583 - INFO - app.py - get_request - 33 - Add task to queue successfully
2018-05-27 13:55:16,098 - INFO - app.py - get_request - 33 - Add task to queue successfully
2018-05-27 14:00:29,241 - INFO - app.py - get_request - 33 - Add task to queue successfully
2018-05-27 14:04:31,198 - INFO - app.py - get_request - 33 - Add task to queue successfully
2018-05-27 14:04:49,950 - INFO - app.py - get_request - 33 - Add task to queue successfully
2018-05-27 14:07:21,675 - INFO - app.py - get_request - 33 - Add task to queue successfully
2018-05-27 14:07:21,676 - ERROR - app.py - get_request - 46 - Connection to Redis failed.
2018-05-27 14:10:27,463 - INFO - app.py - get_request - 33 - Add task to queue successfully
2018-05-27 14:18:55,275 - INFO - app.py - get_request - 33 - Add task to queue successfully
2018-05-27 14:19:34,478 - INFO - app.py - get_request - 33 - Add task to queue successfully
2018-05-27 14:43:56,467 - INFO - app.py - get_request - 33 - Add task to queue successfully
2018-05-27 15:08:58,241 - INFO - app.py - get_request - 33 - Add task to queue successfully
2018-05-27 15:09:12,945 - INFO - app.py - get_request - 33 - Add task to queue successfully
2018-05-27 15:09:57,895 - INFO - app.py - get_request - 33 - Add task to queue successfully
2018-05-27 15:09:57,901 - ERROR - app.py - get_job_status - 88 - Connection to Redis failed.
2018-05-27 15:09:59,912 - ERROR - app.py - get_job_status - 88 - Connection to Redis failed.
2018-05-27 15:12:40,961 - INFO - app.py - get_request - 33 - Add task to queue successfully
2018-05-27 15:12:40,967 - ERROR - app.py - get_job_status - 88 - Connection to Redis failed.
2018-05-27 15:12:42,975 - ERROR - app.py - get_job_status - 88 - Connection to Redis failed.
2018-05-27 17:00:13,837 - INFO - app.py - get_request - 34 - Add task to queue successfully
2018-05-27 17:00:37,181 - INFO - app.py - get_job_status - 92 - check job efe7739d-e4ce-4b0d-9b2f-70c1b892a538
2018-05-27 17:01:25,630 - INFO - app.py - get_job_status - 92 - check job efe7739d-e4ce-4b0d-9b2f-70c1b892a538
2018-05-27 18:49:08,629 - INFO - app.py - get_request - 34 - Add task to queue successfully
2018-05-27 21:34:27,046 - INFO - app.py - get_request - 34 - Add task to queue successfully
2018-05-27 21:35:25,154 - INFO - app.py - get_request - 34 - Add task to queue successfully
2018-05-27 21:35:34,699 - INFO - app.py - get_request - 34 - Add task to queue successfully
2018-05-27 21:36:02,501 - INFO - app.py - get_request - 34 - Add task to queue successfully
2018-05-27 21:36:26,604 - INFO - app.py - get_request - 34 - Add task to queue successfully
2018-05-27 21:37:17,401 - INFO - app.py - get_job_status - 92 - check job 6c5c5516-9893-4c34-b48a-7cdce18512da
2018-05-27 21:38:04,025 - INFO - app.py - get_request - 34 - Add task to queue successfully
2018-05-27 21:38:21,009 - INFO - app.py - get_job_status - 92 - check job 0eebd83f-49e1-4dd6-bf3b-4785514153f6
2018-05-27 21:45:01,248 - INFO - app.py - get_job_status - 71 - Invalid job id.
2018-05-27 21:45:07,837 - INFO - app.py - get_request - 34 - Add task to queue successfully
2018-05-27 21:45:15,491 - INFO - app.py - get_job_status - 71 - Invalid job id.
2018-05-27 21:45:18,378 - INFO - app.py - get_request - 34 - Add task to queue successfully
2018-05-27 21:45:25,479 - INFO - app.py - get_job_status - 71 - Invalid job id.
2018-05-27 22:11:22,949 - INFO - app.py - get_job_status - 71 - Invalid job id.
2018-05-27 22:13:46,275 - INFO - app.py - get_job_status - 71 - Invalid job id.
2018-05-27 22:20:24,575 - INFO - app.py - get_job_status - 71 - Invalid job id.
2018-05-27 22:20:26,587 - INFO - app.py - get_job_status - 71 - Invalid job id.
2018-05-27 22:21:56,132 - INFO - app.py - get_job_status - 92 - check job 539018ce-4214-47bb-856e-b9513f0437f2
2018-05-27 22:21:58,143 - INFO - app.py - get_job_status - 92 - check job 539018ce-4214-47bb-856e-b9513f0437f2
2018-05-27 22:22:06,147 - INFO - app.py - get_job_status - 71 - Invalid job id.
2018-05-27 22:23:03,068 - INFO - app.py - get_job_status - 71 - Invalid job id.
2018-05-27 22:23:08,830 - INFO - app.py - get_job_status - 71 - Invalid job id.
2018-05-27 22:27:00,326 - INFO - app.py - get_request - 34 - Add task to queue successfully
2018-05-27 22:27:09,408 - INFO - app.py - get_request - 34 - Add task to queue successfully
2018-05-27 22:27:25,225 - INFO - app.py - get_request - 34 - Add task to queue successfully
2018-05-27 22:27:56,640 - INFO - app.py - get_job_status - 71 - Invalid job id.
2018-05-27 22:28:38,544 - INFO - app.py - get_job_status - 71 - Invalid job id.
2018-05-27 22:28:50,626 - INFO - app.py - get_job_status - 71 - Invalid job id.
2018-05-27 22:43:25,571 - INFO - app.py - get_job_status - 71 - Invalid job id.
2018-05-27 22:43:40,202 - INFO - app.py - get_job_status - 92 - check job 40764c04-3fcc-4609-95e7-a1c650abd17e
2018-05-28 00:07:33,446 - INFO - app.py - get_request - 34 - Add task to queue successfully
2018-05-28 00:07:33,453 - INFO - app.py - get_job_status - 71 - Invalid job id.
2018-05-28 00:07:35,464 - INFO - app.py - get_job_status - 71 - Invalid job id.
2018-05-28 22:56:16,193 - INFO - app.py - get_request - 34 - Add task to queue successfully
2018-05-28 22:58:44,184 - INFO - app.py - get_request - 34 - Add task to queue successfully
2018-05-28 22:58:52,876 - INFO - app.py - get_job_status - 92 - check job 03f6b26d-196e-43c3-b838-08466127f183
2018-05-28 22:59:29,155 - ERROR - app.py - get_request - 46 - Connection to Redis failed.
2018-05-28 23:08:29,986 - INFO - app.py - get_request - 34 - Add task to queue successfully
2018-05-28 23:12:59,075 - INFO - app.py - get_request - 34 - Add task to queue successfully
2018-05-28 23:23:02,487 - INFO - app.py - get_request - 34 - Add task to queue successfully
2018-05-28 23:23:50,862 - INFO - app.py - get_request - 34 - Add task to queue successfully
2018-05-28 23:24:31,017 - INFO - app.py - get_request - 34 - Add task to queue successfully
2018-05-28 23:24:31,019 - INFO - app.py - get_request - 34 - Add task to queue successfully
2018-05-28 23:26:30,808 - INFO - app.py - get_request - 34 - Add task to queue successfully
2018-05-28 23:26:30,810 - INFO - app.py - get_request - 34 - Add task to queue successfully
2018-05-28 23:27:01,642 - INFO - app.py - get_request - 34 - Add task to queue successfully
2018-05-28 23:27:01,644 - INFO - app.py - get_request - 34 - Add task to queue successfully
2018-05-28 23:28:18,919 - INFO - app.py - get_request - 34 - Add task to queue successfully
2018-05-28 23:28:18,921 - INFO - app.py - get_request - 34 - Add task to queue successfully
2018-05-28 23:28:34,646 - INFO - app.py - get_request - 34 - Add task to queue successfully
2018-05-28 23:28:34,649 - INFO - app.py - get_request - 34 - Add task to queue successfully
2018-05-28 23:29:10,847 - INFO - app.py - get_job_status - 69 - Invalid job id.
2018-05-28 23:29:10,850 - INFO - app.py - get_request - 34 - Add task to queue successfully
2018-05-28 23:29:10,852 - INFO - app.py - get_request - 34 - Add task to queue successfully
2018-05-28 23:29:44,590 - INFO - app.py - get_job_status - 69 - Invalid job id.
2018-05-28 23:29:44,594 - INFO - app.py - get_request - 34 - Add task to queue successfully
2018-05-28 23:29:44,595 - INFO - app.py - get_request - 34 - Add task to queue successfully
2018-05-28 23:30:39,173 - INFO - app.py - get_job_status - 69 - Invalid job id.
2018-05-28 23:30:39,176 - INFO - app.py - get_request - 34 - Add task to queue successfully
2018-05-28 23:30:39,178 - INFO - app.py - get_request - 34 - Add task to queue successfully
2018-05-28 23:31:09,891 - INFO - app.py - get_job_status - 69 - Invalid job id.
2018-05-28 23:31:09,895 - INFO - app.py - get_request - 34 - Add task to queue successfully
2018-05-28 23:31:09,896 - INFO - app.py - get_request - 34 - Add task to queue successfully
2018-05-28 23:31:51,400 - INFO - app.py - get_job_status - 69 - Invalid job id.
2018-05-28 23:31:51,403 - INFO - app.py - get_request - 34 - Add task to queue successfully
2018-05-28 23:31:51,405 - INFO - app.py - get_request - 34 - Add task to queue successfully
2018-05-28 23:32:02,519 - INFO - app.py - get_job_status - 69 - Invalid job id.
2018-05-28 23:32:02,521 - INFO - app.py - get_request - 34 - Add task to queue successfully
2018-05-28 23:32:02,524 - INFO - app.py - get_request - 34 - Add task to queue successfully
2018-05-28 23:32:02,525 - INFO - app.py - get_request - 34 - Add task to queue successfully
2018-05-28 23:33:24,051 - INFO - app.py - get_job_status - 69 - Invalid job id.
2018-05-28 23:33:24,054 - INFO - app.py - get_request - 34 - Add task to queue successfully
2018-05-28 23:33:24,058 - INFO - app.py - get_request - 34 - Add task to queue successfully
2018-05-28 23:33:24,059 - INFO - app.py - get_request - 34 - Add task to queue successfully
2018-05-28 23:33:40,414 - INFO - app.py - get_job_status - 69 - Invalid job id.
2018-05-28 23:33:40,417 - INFO - app.py - get_request - 34 - Add task to queue successfully
2018-05-28 23:33:40,421 - INFO - app.py - get_request - 34 - Add task to queue successfully
2018-05-28 23:33:40,423 - INFO - app.py - get_request - 34 - Add task to queue successfully
2018-05-28 23:35:10,850 - INFO - app.py - get_job_status - 69 - Invalid job id.
2018-05-28 23:35:10,852 - INFO - app.py - get_request - 34 - Add task to queue successfully
2018-05-28 23:35:10,857 - INFO - app.py - get_job_status - 90 - check job 033feec8-8abd-4e51-99e4-560e22b48939
2018-05-28 23:35:10,861 - INFO - app.py - get_request - 34 - Add task to queue successfully
2018-05-28 23:35:10,862 - INFO - app.py - get_request - 34 - Add task to queue successfully
2018-05-28 23:37:23,741 - INFO - app.py - get_job_status - 69 - Invalid job id.
2018-05-28 23:37:23,743 - INFO - app.py - get_request - 34 - Add task to queue successfully
2018-05-28 23:37:23,747 - INFO - app.py - get_job_status - 90 - check job bde3b1fb-94ed-420d-8e99-67d9e601e831
2018-05-28 23:37:23,750 - INFO - app.py - get_request - 34 - Add task to queue successfully
2018-05-28 23:37:23,752 - INFO - app.py - get_request - 34 - Add task to queue successfully
2018-05-29 01:30:05,965 - INFO - app.py - get_request - 34 - Add task to queue successfully
2018-05-29 01:30:11,597 - INFO - app.py - get_job_status - 90 - check job 8600c36a-1f66-4d5c-b220-d7d942d72d9c
2018-05-29 01:30:16,611 - INFO - app.py - get_job_status - 90 - check job 8600c36a-1f66-4d5c-b220-d7d942d72d9c
2018-05-29 01:30:25,818 - INFO - app.py - get_job_status - 90 - check job 8600c36a-1f66-4d5c-b220-d7d942d72d9c
2018-05-29 01:30:27,910 - INFO - app.py - get_job_status - 90 - check job 8600c36a-1f66-4d5c-b220-d7d942d72d9c
2018-05-29 01:30:43,542 - INFO - app.py - get_job_status - 90 - check job 8600c36a-1f66-4d5c-b220-d7d942d72d9c
